\BOOKMARK [0][-]{chapter.1}{Introduction}{}% 1
\BOOKMARK [1][-]{section.1.1}{Background}{chapter.1}% 2
\BOOKMARK [1][-]{section.1.2}{Problem}{chapter.1}% 3
\BOOKMARK [2][-]{subsection.1.2.1}{Original problem and definition}{section.1.2}% 4
\BOOKMARK [2][-]{subsection.1.2.2}{Scientific and engineering issues}{section.1.2}% 5
\BOOKMARK [1][-]{section.1.3}{Purpose}{chapter.1}% 6
\BOOKMARK [1][-]{section.1.4}{Goals}{chapter.1}% 7
\BOOKMARK [1][-]{section.1.5}{Research Methodology}{chapter.1}% 8
\BOOKMARK [1][-]{section.1.6}{Delimitations}{chapter.1}% 9
\BOOKMARK [1][-]{section.1.7}{Structure of the thesis}{chapter.1}% 10
\BOOKMARK [0][-]{chapter.2}{Background}{}% 11
\BOOKMARK [1][-]{section.2.1}{Major background area 1}{chapter.2}% 12
\BOOKMARK [2][-]{subsection.2.1.1}{Subarea 1.1}{section.2.1}% 13
\BOOKMARK [2][-]{subsection.2.1.2}{Subarea 1.1.2}{section.2.1}% 14
\BOOKMARK [2][-]{subsection.2.1.3}{Subarea 1.1.2}{section.2.1}% 15
\BOOKMARK [2][-]{subsection.2.1.4}{Link layer Encapsulation}{section.2.1}% 16
\BOOKMARK [2][-]{subsection.2.1.5}{IP packet headers}{section.2.1}% 17
\BOOKMARK [1][-]{section.2.2}{Major background area 2}{chapter.2}% 18
\BOOKMARK [1][-]{section.2.3}{Related work area}{chapter.2}% 19
\BOOKMARK [2][-]{subsection.2.3.1}{Major related work 1}{section.2.3}% 20
\BOOKMARK [2][-]{subsection.2.3.2}{Major related work}{section.2.3}% 21
\BOOKMARK [2][-]{subsection.2.3.3}{Minor related work 1}{section.2.3}% 22
\BOOKMARK [2][-]{subsection.2.3.4}{Minor related work n}{section.2.3}% 23
\BOOKMARK [1][-]{section.2.4}{Summary}{chapter.2}% 24
\BOOKMARK [0][-]{chapter.3}{Method or Methods}{}% 25
\BOOKMARK [1][-]{section.3.1}{Research Process}{chapter.3}% 26
\BOOKMARK [1][-]{section.3.2}{Research Paradigm}{chapter.3}% 27
\BOOKMARK [1][-]{section.3.3}{Data Collection}{chapter.3}% 28
\BOOKMARK [2][-]{subsection.3.3.1}{Sampling}{section.3.3}% 29
\BOOKMARK [2][-]{subsection.3.3.2}{Sample Size}{section.3.3}% 30
\BOOKMARK [2][-]{subsection.3.3.3}{Target Population}{section.3.3}% 31
\BOOKMARK [1][-]{section.3.4}{Experimental design/Planned Measurements}{chapter.3}% 32
\BOOKMARK [2][-]{subsection.3.4.1}{Test environment/test bed/model}{section.3.4}% 33
\BOOKMARK [2][-]{subsection.3.4.2}{Hardware/Software to be used}{section.3.4}% 34
\BOOKMARK [1][-]{section.3.5}{Assessing reliability and validity of the data collected}{chapter.3}% 35
\BOOKMARK [2][-]{subsection.3.5.1}{Validity of method}{section.3.5}% 36
\BOOKMARK [2][-]{subsection.3.5.2}{Reliability of method}{section.3.5}% 37
\BOOKMARK [2][-]{subsection.3.5.3}{Data validity}{section.3.5}% 38
\BOOKMARK [2][-]{subsection.3.5.4}{Reliability of data}{section.3.5}% 39
\BOOKMARK [1][-]{section.3.6}{Planned Data Analysis}{chapter.3}% 40
\BOOKMARK [2][-]{subsection.3.6.1}{Data Analysis Technique}{section.3.6}% 41
\BOOKMARK [2][-]{subsection.3.6.2}{Software Tools}{section.3.6}% 42
\BOOKMARK [1][-]{section.3.7}{Evaluation framework}{chapter.3}% 43
\BOOKMARK [1][-]{section.3.8}{System documentation}{chapter.3}% 44
\BOOKMARK [0][-]{chapter.4}{What you did}{}% 45
\BOOKMARK [1][-]{section.4.1}{Hardware/Software design \203/Model/Simulation model \046 parameters/\203}{chapter.4}% 46
\BOOKMARK [1][-]{section.4.2}{Implementation \203/Modeling/Simulation/\203}{chapter.4}% 47
\BOOKMARK [2][-]{subsection.4.2.1}{Some examples of coding}{section.4.2}% 48
\BOOKMARK [0][-]{chapter.5}{Results and Analysis}{}% 49
\BOOKMARK [1][-]{section.5.1}{Major results}{chapter.5}% 50
\BOOKMARK [1][-]{section.5.2}{Reliability Analysis}{chapter.5}% 51
\BOOKMARK [1][-]{section.5.3}{Validity Analysis}{chapter.5}% 52
\BOOKMARK [0][-]{chapter.6}{Discussion}{}% 53
\BOOKMARK [0][-]{chapter.7}{Conclusions and Future work}{}% 54
\BOOKMARK [1][-]{section.7.1}{Conclusions}{chapter.7}% 55
\BOOKMARK [1][-]{section.7.2}{Limitations}{chapter.7}% 56
\BOOKMARK [1][-]{section.7.3}{Future work}{chapter.7}% 57
\BOOKMARK [2][-]{subsection.7.3.1}{What has been left undone?}{section.7.3}% 58
\BOOKMARK [2][-]{subsection.7.3.2}{Next obvious things to be done}{section.7.3}% 59
\BOOKMARK [1][-]{section.7.4}{Reflections}{chapter.7}% 60
\BOOKMARK [0][-]{section*.113}{References}{}% 61
\BOOKMARK [0][-]{appendix.A}{Something Extra}{}% 62
